INFO -- ::1 -- 2017-12-01T23:18:28+00:00 -- Enter Hybrid_Auth::initialize()
INFO -- ::1 -- 2017-12-01T23:18:28+00:00 -- Hybrid_Auth::initialize(). PHP version: 7.0.10
INFO -- ::1 -- 2017-12-01T23:18:28+00:00 -- Hybrid_Auth::initialize(). Hybrid_Auth version: 2.3.0
INFO -- ::1 -- 2017-12-01T23:18:28+00:00 -- Hybrid_Auth::initialize(). Hybrid_Auth called from: http://localhost/wrd/wcfm/
DEBUG -- ::1 -- 2017-12-01T23:18:28+00:00 -- Hybrid_Auth initialize. dump used config:  -- a:8:{s:8:"base_url";s:39:"http://localhost/wrd/wcfm/wcfm-profile/";s:10:"debug_mode";b:1;s:10:"debug_file";s:101:"C:\wamp64\www\wrd\wp-content\plugins\wc-frontend-manager-ultimate/includes/libs/Hybrid/hybridauth.log";s:9:"providers";a:4:{s:6:"google";a:3:{s:7:"enabled";b:1;s:4:"keys";a:2:{s:2:"id";s:72:"136130044234-9bgsd1eme3sodoej1uaptj0idhkif6g8.apps.googleusercontent.com";s:6:"secret";s:24:"x7Z1rUgcchoXA5pEF-CJrCQR";}s:5:"scope";s:49:"https://www.googleapis.com/auth/userinfo.profile ";}s:8:"facebook";a:4:{s:7:"enabled";b:1;s:4:"keys";a:2:{s:2:"id";s:17:"t4t46546546546545";s:6:"secret";s:13:"dcdcdcvdvnhgj";}s:5:"scope";s:35:"email, public_profile, user_friends";s:14:"trustForwarded";b:1;}s:7:"twitter";a:2:{s:7:"enabled";b:1;s:4:"keys";a:2:{s:3:"key";s:17:"e3456576754334242";s:6:"secret";s:19:"vfvfbbgfhghhgfgfdgd";}}s:8:"linkedIn";a:2:{s:7:"enabled";b:1;s:4:"keys";a:2:{s:3:"key";s:14:"54656565trt433";s:6:"secret";s:11:"dcdcdvvfggg";}}}s:9:"path_base";s:87:"C:\wamp64\www\wrd\wp-content\plugins\wc-frontend-manager-ultimate\includes\libs\Hybrid/";s:14:"path_libraries";s:98:"C:\wamp64\www\wrd\wp-content\plugins\wc-frontend-manager-ultimate\includes\libs\Hybrid/thirdparty/";s:14:"path_resources";s:97:"C:\wamp64\www\wrd\wp-content\plugins\wc-frontend-manager-ultimate\includes\libs\Hybrid/resources/";s:14:"path_providers";s:97:"C:\wamp64\www\wrd\wp-content\plugins\wc-frontend-manager-ultimate\includes\libs\Hybrid/Providers/";}
DEBUG -- ::1 -- 2017-12-01T23:18:28+00:00 -- Hybrid_Auth initialize. dump current session:  -- 
INFO -- ::1 -- 2017-12-01T23:18:28+00:00 -- Hybrid_Auth initialize: check if any error is stored on the endpoint...
INFO -- ::1 -- 2017-12-01T23:18:28+00:00 -- Hybrid_Auth initialize: no error found. initialization succeed.
INFO -- ::1 -- 2017-12-01T23:18:33+00:00 -- Enter Hybrid_Auth::initialize()
INFO -- ::1 -- 2017-12-01T23:18:33+00:00 -- Hybrid_Auth::initialize(). PHP version: 7.0.10
INFO -- ::1 -- 2017-12-01T23:18:33+00:00 -- Hybrid_Auth::initialize(). Hybrid_Auth version: 2.3.0
INFO -- ::1 -- 2017-12-01T23:18:33+00:00 -- Hybrid_Auth::initialize(). Hybrid_Auth called from: http://localhost/wrd/wcfm/wcfm-profile/
DEBUG -- ::1 -- 2017-12-01T23:18:33+00:00 -- Hybrid_Auth initialize. dump used config:  -- a:8:{s:8:"base_url";s:39:"http://localhost/wrd/wcfm/wcfm-profile/";s:10:"debug_mode";b:1;s:10:"debug_file";s:101:"C:\wamp64\www\wrd\wp-content\plugins\wc-frontend-manager-ultimate/includes/libs/Hybrid/hybridauth.log";s:9:"providers";a:4:{s:6:"google";a:3:{s:7:"enabled";b:1;s:4:"keys";a:2:{s:2:"id";s:72:"136130044234-9bgsd1eme3sodoej1uaptj0idhkif6g8.apps.googleusercontent.com";s:6:"secret";s:24:"x7Z1rUgcchoXA5pEF-CJrCQR";}s:5:"scope";s:49:"https://www.googleapis.com/auth/userinfo.profile ";}s:8:"facebook";a:4:{s:7:"enabled";b:1;s:4:"keys";a:2:{s:2:"id";s:17:"t4t46546546546545";s:6:"secret";s:13:"dcdcdcvdvnhgj";}s:5:"scope";s:35:"email, public_profile, user_friends";s:14:"trustForwarded";b:1;}s:7:"twitter";a:2:{s:7:"enabled";b:1;s:4:"keys";a:2:{s:3:"key";s:17:"e3456576754334242";s:6:"secret";s:19:"vfvfbbgfhghhgfgfdgd";}}s:8:"linkedIn";a:2:{s:7:"enabled";b:1;s:4:"keys";a:2:{s:3:"key";s:14:"54656565trt433";s:6:"secret";s:11:"dcdcdvvfggg";}}}s:9:"path_base";s:87:"C:\wamp64\www\wrd\wp-content\plugins\wc-frontend-manager-ultimate\includes\libs\Hybrid/";s:14:"path_libraries";s:98:"C:\wamp64\www\wrd\wp-content\plugins\wc-frontend-manager-ultimate\includes\libs\Hybrid/thirdparty/";s:14:"path_resources";s:97:"C:\wamp64\www\wrd\wp-content\plugins\wc-frontend-manager-ultimate\includes\libs\Hybrid/resources/";s:14:"path_providers";s:97:"C:\wamp64\www\wrd\wp-content\plugins\wc-frontend-manager-ultimate\includes\libs\Hybrid/Providers/";}
DEBUG -- ::1 -- 2017-12-01T23:18:33+00:00 -- Hybrid_Auth initialize. dump current session:  -- 
INFO -- ::1 -- 2017-12-01T23:18:33+00:00 -- Hybrid_Auth initialize: check if any error is stored on the endpoint...
INFO -- ::1 -- 2017-12-01T23:18:33+00:00 -- Hybrid_Auth initialize: no error found. initialization succeed.
INFO -- ::1 -- 2017-12-01T23:19:05+00:00 -- Enter Hybrid_Auth::initialize()
INFO -- ::1 -- 2017-12-01T23:19:05+00:00 -- Hybrid_Auth::initialize(). PHP version: 7.0.10
INFO -- ::1 -- 2017-12-01T23:19:05+00:00 -- Hybrid_Auth::initialize(). Hybrid_Auth version: 2.3.0
INFO -- ::1 -- 2017-12-01T23:19:05+00:00 -- Hybrid_Auth::initialize(). Hybrid_Auth called from: http://localhost/wrd/wp-admin/admin-ajax.php
DEBUG -- ::1 -- 2017-12-01T23:19:05+00:00 -- Hybrid_Auth initialize. dump used config:  -- a:8:{s:8:"base_url";s:39:"http://localhost/wrd/wcfm/wcfm-profile/";s:10:"debug_mode";b:1;s:10:"debug_file";s:101:"C:\wamp64\www\wrd\wp-content\plugins\wc-frontend-manager-ultimate/includes/libs/Hybrid/hybridauth.log";s:9:"providers";a:4:{s:6:"google";a:3:{s:7:"enabled";b:1;s:4:"keys";a:2:{s:2:"id";s:72:"136130044234-9bgsd1eme3sodoej1uaptj0idhkif6g8.apps.googleusercontent.com";s:6:"secret";s:24:"x7Z1rUgcchoXA5pEF-CJrCQR";}s:5:"scope";s:49:"https://www.googleapis.com/auth/userinfo.profile ";}s:8:"facebook";a:4:{s:7:"enabled";b:1;s:4:"keys";a:2:{s:2:"id";s:17:"t4t46546546546545";s:6:"secret";s:13:"dcdcdcvdvnhgj";}s:5:"scope";s:35:"email, public_profile, user_friends";s:14:"trustForwarded";b:1;}s:7:"twitter";a:2:{s:7:"enabled";b:1;s:4:"keys";a:2:{s:3:"key";s:17:"e3456576754334242";s:6:"secret";s:19:"vfvfbbgfhghhgfgfdgd";}}s:8:"linkedIn";a:2:{s:7:"enabled";b:1;s:4:"keys";a:2:{s:3:"key";s:14:"54656565trt433";s:6:"secret";s:11:"dcdcdvvfggg";}}}s:9:"path_base";s:87:"C:\wamp64\www\wrd\wp-content\plugins\wc-frontend-manager-ultimate\includes\libs\Hybrid/";s:14:"path_libraries";s:98:"C:\wamp64\www\wrd\wp-content\plugins\wc-frontend-manager-ultimate\includes\libs\Hybrid/thirdparty/";s:14:"path_resources";s:97:"C:\wamp64\www\wrd\wp-content\plugins\wc-frontend-manager-ultimate\includes\libs\Hybrid/resources/";s:14:"path_providers";s:97:"C:\wamp64\www\wrd\wp-content\plugins\wc-frontend-manager-ultimate\includes\libs\Hybrid/Providers/";}
DEBUG -- ::1 -- 2017-12-01T23:19:05+00:00 -- Hybrid_Auth initialize. dump current session:  -- 
INFO -- ::1 -- 2017-12-01T23:19:05+00:00 -- Hybrid_Auth initialize: check if any error is stored on the endpoint...
INFO -- ::1 -- 2017-12-01T23:19:05+00:00 -- Hybrid_Auth initialize: no error found. initialization succeed.
INFO -- ::1 -- 2017-12-01T23:19:36+00:00 -- Enter Hybrid_Auth::initialize()
INFO -- ::1 -- 2017-12-01T23:19:36+00:00 -- Hybrid_Auth::initialize(). PHP version: 7.0.10
INFO -- ::1 -- 2017-12-01T23:19:36+00:00 -- Hybrid_Auth::initialize(). Hybrid_Auth version: 2.3.0
INFO -- ::1 -- 2017-12-01T23:19:36+00:00 -- Hybrid_Auth::initialize(). Hybrid_Auth called from: http://localhost/wrd/wp-admin/admin-ajax.php
DEBUG -- ::1 -- 2017-12-01T23:19:36+00:00 -- Hybrid_Auth initialize. dump used config:  -- a:8:{s:8:"base_url";s:39:"http://localhost/wrd/wcfm/wcfm-profile/";s:10:"debug_mode";b:1;s:10:"debug_file";s:101:"C:\wamp64\www\wrd\wp-content\plugins\wc-frontend-manager-ultimate/includes/libs/Hybrid/hybridauth.log";s:9:"providers";a:4:{s:6:"google";a:3:{s:7:"enabled";b:1;s:4:"keys";a:2:{s:2:"id";s:72:"136130044234-9bgsd1eme3sodoej1uaptj0idhkif6g8.apps.googleusercontent.com";s:6:"secret";s:24:"x7Z1rUgcchoXA5pEF-CJrCQR";}s:5:"scope";s:49:"https://www.googleapis.com/auth/userinfo.profile ";}s:8:"facebook";a:4:{s:7:"enabled";b:1;s:4:"keys";a:2:{s:2:"id";s:17:"t4t46546546546545";s:6:"secret";s:13:"dcdcdcvdvnhgj";}s:5:"scope";s:35:"email, public_profile, user_friends";s:14:"trustForwarded";b:1;}s:7:"twitter";a:2:{s:7:"enabled";b:1;s:4:"keys";a:2:{s:3:"key";s:17:"e3456576754334242";s:6:"secret";s:19:"vfvfbbgfhghhgfgfdgd";}}s:8:"linkedIn";a:2:{s:7:"enabled";b:1;s:4:"keys";a:2:{s:3:"key";s:14:"54656565trt433";s:6:"secret";s:11:"dcdcdvvfggg";}}}s:9:"path_base";s:87:"C:\wamp64\www\wrd\wp-content\plugins\wc-frontend-manager-ultimate\includes\libs\Hybrid/";s:14:"path_libraries";s:98:"C:\wamp64\www\wrd\wp-content\plugins\wc-frontend-manager-ultimate\includes\libs\Hybrid/thirdparty/";s:14:"path_resources";s:97:"C:\wamp64\www\wrd\wp-content\plugins\wc-frontend-manager-ultimate\includes\libs\Hybrid/resources/";s:14:"path_providers";s:97:"C:\wamp64\www\wrd\wp-content\plugins\wc-frontend-manager-ultimate\includes\libs\Hybrid/Providers/";}
DEBUG -- ::1 -- 2017-12-01T23:19:36+00:00 -- Hybrid_Auth initialize. dump current session:  -- 
INFO -- ::1 -- 2017-12-01T23:19:36+00:00 -- Hybrid_Auth initialize: check if any error is stored on the endpoint...
INFO -- ::1 -- 2017-12-01T23:19:36+00:00 -- Hybrid_Auth initialize: no error found. initialization succeed.
INFO -- ::1 -- 2017-12-01T23:20:07+00:00 -- Enter Hybrid_Auth::initialize()
INFO -- ::1 -- 2017-12-01T23:20:07+00:00 -- Hybrid_Auth::initialize(). PHP version: 7.0.10
INFO -- ::1 -- 2017-12-01T23:20:07+00:00 -- Hybrid_Auth::initialize(). Hybrid_Auth version: 2.3.0
INFO -- ::1 -- 2017-12-01T23:20:07+00:00 -- Hybrid_Auth::initialize(). Hybrid_Auth called from: http://localhost/wrd/wp-admin/admin-ajax.php
DEBUG -- ::1 -- 2017-12-01T23:20:07+00:00 -- Hybrid_Auth initialize. dump used config:  -- a:8:{s:8:"base_url";s:39:"http://localhost/wrd/wcfm/wcfm-profile/";s:10:"debug_mode";b:1;s:10:"debug_file";s:101:"C:\wamp64\www\wrd\wp-content\plugins\wc-frontend-manager-ultimate/includes/libs/Hybrid/hybridauth.log";s:9:"providers";a:4:{s:6:"google";a:3:{s:7:"enabled";b:1;s:4:"keys";a:2:{s:2:"id";s:72:"136130044234-9bgsd1eme3sodoej1uaptj0idhkif6g8.apps.googleusercontent.com";s:6:"secret";s:24:"x7Z1rUgcchoXA5pEF-CJrCQR";}s:5:"scope";s:49:"https://www.googleapis.com/auth/userinfo.profile ";}s:8:"facebook";a:4:{s:7:"enabled";b:1;s:4:"keys";a:2:{s:2:"id";s:17:"t4t46546546546545";s:6:"secret";s:13:"dcdcdcvdvnhgj";}s:5:"scope";s:35:"email, public_profile, user_friends";s:14:"trustForwarded";b:1;}s:7:"twitter";a:2:{s:7:"enabled";b:1;s:4:"keys";a:2:{s:3:"key";s:17:"e3456576754334242";s:6:"secret";s:19:"vfvfbbgfhghhgfgfdgd";}}s:8:"linkedIn";a:2:{s:7:"enabled";b:1;s:4:"keys";a:2:{s:3:"key";s:14:"54656565trt433";s:6:"secret";s:11:"dcdcdvvfggg";}}}s:9:"path_base";s:87:"C:\wamp64\www\wrd\wp-content\plugins\wc-frontend-manager-ultimate\includes\libs\Hybrid/";s:14:"path_libraries";s:98:"C:\wamp64\www\wrd\wp-content\plugins\wc-frontend-manager-ultimate\includes\libs\Hybrid/thirdparty/";s:14:"path_resources";s:97:"C:\wamp64\www\wrd\wp-content\plugins\wc-frontend-manager-ultimate\includes\libs\Hybrid/resources/";s:14:"path_providers";s:97:"C:\wamp64\www\wrd\wp-content\plugins\wc-frontend-manager-ultimate\includes\libs\Hybrid/Providers/";}
DEBUG -- ::1 -- 2017-12-01T23:20:07+00:00 -- Hybrid_Auth initialize. dump current session:  -- 
INFO -- ::1 -- 2017-12-01T23:20:07+00:00 -- Hybrid_Auth initialize: check if any error is stored on the endpoint...
INFO -- ::1 -- 2017-12-01T23:20:07+00:00 -- Hybrid_Auth initialize: no error found. initialization succeed.
INFO -- ::1 -- 2017-12-01T23:20:38+00:00 -- Enter Hybrid_Auth::initialize()
INFO -- ::1 -- 2017-12-01T23:20:38+00:00 -- Hybrid_Auth::initialize(). PHP version: 7.0.10
INFO -- ::1 -- 2017-12-01T23:20:38+00:00 -- Hybrid_Auth::initialize(). Hybrid_Auth version: 2.3.0
INFO -- ::1 -- 2017-12-01T23:20:38+00:00 -- Hybrid_Auth::initialize(). Hybrid_Auth called from: http://localhost/wrd/wp-admin/admin-ajax.php
DEBUG -- ::1 -- 2017-12-01T23:20:38+00:00 -- Hybrid_Auth initialize. dump used config:  -- a:8:{s:8:"base_url";s:39:"http://localhost/wrd/wcfm/wcfm-profile/";s:10:"debug_mode";b:1;s:10:"debug_file";s:101:"C:\wamp64\www\wrd\wp-content\plugins\wc-frontend-manager-ultimate/includes/libs/Hybrid/hybridauth.log";s:9:"providers";a:4:{s:6:"google";a:3:{s:7:"enabled";b:1;s:4:"keys";a:2:{s:2:"id";s:72:"136130044234-9bgsd1eme3sodoej1uaptj0idhkif6g8.apps.googleusercontent.com";s:6:"secret";s:24:"x7Z1rUgcchoXA5pEF-CJrCQR";}s:5:"scope";s:49:"https://www.googleapis.com/auth/userinfo.profile ";}s:8:"facebook";a:4:{s:7:"enabled";b:1;s:4:"keys";a:2:{s:2:"id";s:17:"t4t46546546546545";s:6:"secret";s:13:"dcdcdcvdvnhgj";}s:5:"scope";s:35:"email, public_profile, user_friends";s:14:"trustForwarded";b:1;}s:7:"twitter";a:2:{s:7:"enabled";b:1;s:4:"keys";a:2:{s:3:"key";s:17:"e3456576754334242";s:6:"secret";s:19:"vfvfbbgfhghhgfgfdgd";}}s:8:"linkedIn";a:2:{s:7:"enabled";b:1;s:4:"keys";a:2:{s:3:"key";s:14:"54656565trt433";s:6:"secret";s:11:"dcdcdvvfggg";}}}s:9:"path_base";s:87:"C:\wamp64\www\wrd\wp-content\plugins\wc-frontend-manager-ultimate\includes\libs\Hybrid/";s:14:"path_libraries";s:98:"C:\wamp64\www\wrd\wp-content\plugins\wc-frontend-manager-ultimate\includes\libs\Hybrid/thirdparty/";s:14:"path_resources";s:97:"C:\wamp64\www\wrd\wp-content\plugins\wc-frontend-manager-ultimate\includes\libs\Hybrid/resources/";s:14:"path_providers";s:97:"C:\wamp64\www\wrd\wp-content\plugins\wc-frontend-manager-ultimate\includes\libs\Hybrid/Providers/";}
DEBUG -- ::1 -- 2017-12-01T23:20:38+00:00 -- Hybrid_Auth initialize. dump current session:  -- 
INFO -- ::1 -- 2017-12-01T23:20:38+00:00 -- Hybrid_Auth initialize: check if any error is stored on the endpoint...
INFO -- ::1 -- 2017-12-01T23:20:38+00:00 -- Hybrid_Auth initialize: no error found. initialization succeed.
INFO -- ::1 -- 2017-12-01T23:21:08+00:00 -- Enter Hybrid_Auth::initialize()
INFO -- ::1 -- 2017-12-01T23:21:08+00:00 -- Hybrid_Auth::initialize(). PHP version: 7.0.10
INFO -- ::1 -- 2017-12-01T23:21:08+00:00 -- Hybrid_Auth::initialize(). Hybrid_Auth version: 2.3.0
INFO -- ::1 -- 2017-12-01T23:21:08+00:00 -- Hybrid_Auth::initialize(). Hybrid_Auth called from: http://localhost/wrd/wp-admin/admin-ajax.php
DEBUG -- ::1 -- 2017-12-01T23:21:08+00:00 -- Hybrid_Auth initialize. dump used config:  -- a:8:{s:8:"base_url";s:39:"http://localhost/wrd/wcfm/wcfm-profile/";s:10:"debug_mode";b:1;s:10:"debug_file";s:101:"C:\wamp64\www\wrd\wp-content\plugins\wc-frontend-manager-ultimate/includes/libs/Hybrid/hybridauth.log";s:9:"providers";a:4:{s:6:"google";a:3:{s:7:"enabled";b:1;s:4:"keys";a:2:{s:2:"id";s:72:"136130044234-9bgsd1eme3sodoej1uaptj0idhkif6g8.apps.googleusercontent.com";s:6:"secret";s:24:"x7Z1rUgcchoXA5pEF-CJrCQR";}s:5:"scope";s:49:"https://www.googleapis.com/auth/userinfo.profile ";}s:8:"facebook";a:4:{s:7:"enabled";b:1;s:4:"keys";a:2:{s:2:"id";s:17:"t4t46546546546545";s:6:"secret";s:13:"dcdcdcvdvnhgj";}s:5:"scope";s:35:"email, public_profile, user_friends";s:14:"trustForwarded";b:1;}s:7:"twitter";a:2:{s:7:"enabled";b:1;s:4:"keys";a:2:{s:3:"key";s:17:"e3456576754334242";s:6:"secret";s:19:"vfvfbbgfhghhgfgfdgd";}}s:8:"linkedIn";a:2:{s:7:"enabled";b:1;s:4:"keys";a:2:{s:3:"key";s:14:"54656565trt433";s:6:"secret";s:11:"dcdcdvvfggg";}}}s:9:"path_base";s:87:"C:\wamp64\www\wrd\wp-content\plugins\wc-frontend-manager-ultimate\includes\libs\Hybrid/";s:14:"path_libraries";s:98:"C:\wamp64\www\wrd\wp-content\plugins\wc-frontend-manager-ultimate\includes\libs\Hybrid/thirdparty/";s:14:"path_resources";s:97:"C:\wamp64\www\wrd\wp-content\plugins\wc-frontend-manager-ultimate\includes\libs\Hybrid/resources/";s:14:"path_providers";s:97:"C:\wamp64\www\wrd\wp-content\plugins\wc-frontend-manager-ultimate\includes\libs\Hybrid/Providers/";}
DEBUG -- ::1 -- 2017-12-01T23:21:08+00:00 -- Hybrid_Auth initialize. dump current session:  -- 
INFO -- ::1 -- 2017-12-01T23:21:08+00:00 -- Hybrid_Auth initialize: check if any error is stored on the endpoint...
INFO -- ::1 -- 2017-12-01T23:21:08+00:00 -- Hybrid_Auth initialize: no error found. initialization succeed.
INFO -- ::1 -- 2017-12-01T23:21:39+00:00 -- Enter Hybrid_Auth::initialize()
INFO -- ::1 -- 2017-12-01T23:21:39+00:00 -- Hybrid_Auth::initialize(). PHP version: 7.0.10
INFO -- ::1 -- 2017-12-01T23:21:39+00:00 -- Hybrid_Auth::initialize(). Hybrid_Auth version: 2.3.0
INFO -- ::1 -- 2017-12-01T23:21:39+00:00 -- Hybrid_Auth::initialize(). Hybrid_Auth called from: http://localhost/wrd/wp-admin/admin-ajax.php
DEBUG -- ::1 -- 2017-12-01T23:21:39+00:00 -- Hybrid_Auth initialize. dump used config:  -- a:8:{s:8:"base_url";s:39:"http://localhost/wrd/wcfm/wcfm-profile/";s:10:"debug_mode";b:1;s:10:"debug_file";s:101:"C:\wamp64\www\wrd\wp-content\plugins\wc-frontend-manager-ultimate/includes/libs/Hybrid/hybridauth.log";s:9:"providers";a:4:{s:6:"google";a:3:{s:7:"enabled";b:1;s:4:"keys";a:2:{s:2:"id";s:72:"136130044234-9bgsd1eme3sodoej1uaptj0idhkif6g8.apps.googleusercontent.com";s:6:"secret";s:24:"x7Z1rUgcchoXA5pEF-CJrCQR";}s:5:"scope";s:49:"https://www.googleapis.com/auth/userinfo.profile ";}s:8:"facebook";a:4:{s:7:"enabled";b:1;s:4:"keys";a:2:{s:2:"id";s:17:"t4t46546546546545";s:6:"secret";s:13:"dcdcdcvdvnhgj";}s:5:"scope";s:35:"email, public_profile, user_friends";s:14:"trustForwarded";b:1;}s:7:"twitter";a:2:{s:7:"enabled";b:1;s:4:"keys";a:2:{s:3:"key";s:17:"e3456576754334242";s:6:"secret";s:19:"vfvfbbgfhghhgfgfdgd";}}s:8:"linkedIn";a:2:{s:7:"enabled";b:1;s:4:"keys";a:2:{s:3:"key";s:14:"54656565trt433";s:6:"secret";s:11:"dcdcdvvfggg";}}}s:9:"path_base";s:87:"C:\wamp64\www\wrd\wp-content\plugins\wc-frontend-manager-ultimate\includes\libs\Hybrid/";s:14:"path_libraries";s:98:"C:\wamp64\www\wrd\wp-content\plugins\wc-frontend-manager-ultimate\includes\libs\Hybrid/thirdparty/";s:14:"path_resources";s:97:"C:\wamp64\www\wrd\wp-content\plugins\wc-frontend-manager-ultimate\includes\libs\Hybrid/resources/";s:14:"path_providers";s:97:"C:\wamp64\www\wrd\wp-content\plugins\wc-frontend-manager-ultimate\includes\libs\Hybrid/Providers/";}
DEBUG -- ::1 -- 2017-12-01T23:21:39+00:00 -- Hybrid_Auth initialize. dump current session:  -- 
INFO -- ::1 -- 2017-12-01T23:21:39+00:00 -- Hybrid_Auth initialize: check if any error is stored on the endpoint...
INFO -- ::1 -- 2017-12-01T23:21:39+00:00 -- Hybrid_Auth initialize: no error found. initialization succeed.
INFO -- ::1 -- 2017-12-01T23:22:11+00:00 -- Enter Hybrid_Auth::initialize()
INFO -- ::1 -- 2017-12-01T23:22:11+00:00 -- Hybrid_Auth::initialize(). PHP version: 7.0.10
INFO -- ::1 -- 2017-12-01T23:22:11+00:00 -- Hybrid_Auth::initialize(). Hybrid_Auth version: 2.3.0
INFO -- ::1 -- 2017-12-01T23:22:11+00:00 -- Hybrid_Auth::initialize(). Hybrid_Auth called from: http://localhost/wrd/wp-admin/admin-ajax.php
DEBUG -- ::1 -- 2017-12-01T23:22:11+00:00 -- Hybrid_Auth initialize. dump used config:  -- a:8:{s:8:"base_url";s:39:"http://localhost/wrd/wcfm/wcfm-profile/";s:10:"debug_mode";b:1;s:10:"debug_file";s:101:"C:\wamp64\www\wrd\wp-content\plugins\wc-frontend-manager-ultimate/includes/libs/Hybrid/hybridauth.log";s:9:"providers";a:4:{s:6:"google";a:3:{s:7:"enabled";b:1;s:4:"keys";a:2:{s:2:"id";s:72:"136130044234-9bgsd1eme3sodoej1uaptj0idhkif6g8.apps.googleusercontent.com";s:6:"secret";s:24:"x7Z1rUgcchoXA5pEF-CJrCQR";}s:5:"scope";s:49:"https://www.googleapis.com/auth/userinfo.profile ";}s:8:"facebook";a:4:{s:7:"enabled";b:1;s:4:"keys";a:2:{s:2:"id";s:17:"t4t46546546546545";s:6:"secret";s:13:"dcdcdcvdvnhgj";}s:5:"scope";s:35:"email, public_profile, user_friends";s:14:"trustForwarded";b:1;}s:7:"twitter";a:2:{s:7:"enabled";b:1;s:4:"keys";a:2:{s:3:"key";s:17:"e3456576754334242";s:6:"secret";s:19:"vfvfbbgfhghhgfgfdgd";}}s:8:"linkedIn";a:2:{s:7:"enabled";b:1;s:4:"keys";a:2:{s:3:"key";s:14:"54656565trt433";s:6:"secret";s:11:"dcdcdvvfggg";}}}s:9:"path_base";s:87:"C:\wamp64\www\wrd\wp-content\plugins\wc-frontend-manager-ultimate\includes\libs\Hybrid/";s:14:"path_libraries";s:98:"C:\wamp64\www\wrd\wp-content\plugins\wc-frontend-manager-ultimate\includes\libs\Hybrid/thirdparty/";s:14:"path_resources";s:97:"C:\wamp64\www\wrd\wp-content\plugins\wc-frontend-manager-ultimate\includes\libs\Hybrid/resources/";s:14:"path_providers";s:97:"C:\wamp64\www\wrd\wp-content\plugins\wc-frontend-manager-ultimate\includes\libs\Hybrid/Providers/";}
DEBUG -- ::1 -- 2017-12-01T23:22:11+00:00 -- Hybrid_Auth initialize. dump current session:  -- 
INFO -- ::1 -- 2017-12-01T23:22:11+00:00 -- Hybrid_Auth initialize: check if any error is stored on the endpoint...
INFO -- ::1 -- 2017-12-01T23:22:11+00:00 -- Hybrid_Auth initialize: no error found. initialization succeed.
INFO -- ::1 -- 2017-12-01T23:22:41+00:00 -- Enter Hybrid_Auth::initialize()
INFO -- ::1 -- 2017-12-01T23:22:41+00:00 -- Hybrid_Auth::initialize(). PHP version: 7.0.10
INFO -- ::1 -- 2017-12-01T23:22:41+00:00 -- Hybrid_Auth::initialize(). Hybrid_Auth version: 2.3.0
INFO -- ::1 -- 2017-12-01T23:22:41+00:00 -- Hybrid_Auth::initialize(). Hybrid_Auth called from: http://localhost/wrd/wp-admin/admin-ajax.php
DEBUG -- ::1 -- 2017-12-01T23:22:41+00:00 -- Hybrid_Auth initialize. dump used config:  -- a:8:{s:8:"base_url";s:39:"http://localhost/wrd/wcfm/wcfm-profile/";s:10:"debug_mode";b:1;s:10:"debug_file";s:101:"C:\wamp64\www\wrd\wp-content\plugins\wc-frontend-manager-ultimate/includes/libs/Hybrid/hybridauth.log";s:9:"providers";a:4:{s:6:"google";a:3:{s:7:"enabled";b:1;s:4:"keys";a:2:{s:2:"id";s:72:"136130044234-9bgsd1eme3sodoej1uaptj0idhkif6g8.apps.googleusercontent.com";s:6:"secret";s:24:"x7Z1rUgcchoXA5pEF-CJrCQR";}s:5:"scope";s:49:"https://www.googleapis.com/auth/userinfo.profile ";}s:8:"facebook";a:4:{s:7:"enabled";b:1;s:4:"keys";a:2:{s:2:"id";s:17:"t4t46546546546545";s:6:"secret";s:13:"dcdcdcvdvnhgj";}s:5:"scope";s:35:"email, public_profile, user_friends";s:14:"trustForwarded";b:1;}s:7:"twitter";a:2:{s:7:"enabled";b:1;s:4:"keys";a:2:{s:3:"key";s:17:"e3456576754334242";s:6:"secret";s:19:"vfvfbbgfhghhgfgfdgd";}}s:8:"linkedIn";a:2:{s:7:"enabled";b:1;s:4:"keys";a:2:{s:3:"key";s:14:"54656565trt433";s:6:"secret";s:11:"dcdcdvvfggg";}}}s:9:"path_base";s:87:"C:\wamp64\www\wrd\wp-content\plugins\wc-frontend-manager-ultimate\includes\libs\Hybrid/";s:14:"path_libraries";s:98:"C:\wamp64\www\wrd\wp-content\plugins\wc-frontend-manager-ultimate\includes\libs\Hybrid/thirdparty/";s:14:"path_resources";s:97:"C:\wamp64\www\wrd\wp-content\plugins\wc-frontend-manager-ultimate\includes\libs\Hybrid/resources/";s:14:"path_providers";s:97:"C:\wamp64\www\wrd\wp-content\plugins\wc-frontend-manager-ultimate\includes\libs\Hybrid/Providers/";}
DEBUG -- ::1 -- 2017-12-01T23:22:41+00:00 -- Hybrid_Auth initialize. dump current session:  -- 
INFO -- ::1 -- 2017-12-01T23:22:41+00:00 -- Hybrid_Auth initialize: check if any error is stored on the endpoint...
INFO -- ::1 -- 2017-12-01T23:22:41+00:00 -- Hybrid_Auth initialize: no error found. initialization succeed.
INFO -- ::1 -- 2017-12-01T23:23:11+00:00 -- Enter Hybrid_Auth::initialize()
INFO -- ::1 -- 2017-12-01T23:23:11+00:00 -- Hybrid_Auth::initialize(). PHP version: 7.0.10
INFO -- ::1 -- 2017-12-01T23:23:11+00:00 -- Hybrid_Auth::initialize(). Hybrid_Auth version: 2.3.0
INFO -- ::1 -- 2017-12-01T23:23:11+00:00 -- Hybrid_Auth::initialize(). Hybrid_Auth called from: http://localhost/wrd/wp-admin/admin-ajax.php
DEBUG -- ::1 -- 2017-12-01T23:23:11+00:00 -- Hybrid_Auth initialize. dump used config:  -- a:8:{s:8:"base_url";s:39:"http://localhost/wrd/wcfm/wcfm-profile/";s:10:"debug_mode";b:1;s:10:"debug_file";s:101:"C:\wamp64\www\wrd\wp-content\plugins\wc-frontend-manager-ultimate/includes/libs/Hybrid/hybridauth.log";s:9:"providers";a:4:{s:6:"google";a:3:{s:7:"enabled";b:1;s:4:"keys";a:2:{s:2:"id";s:72:"136130044234-9bgsd1eme3sodoej1uaptj0idhkif6g8.apps.googleusercontent.com";s:6:"secret";s:24:"x7Z1rUgcchoXA5pEF-CJrCQR";}s:5:"scope";s:49:"https://www.googleapis.com/auth/userinfo.profile ";}s:8:"facebook";a:4:{s:7:"enabled";b:1;s:4:"keys";a:2:{s:2:"id";s:17:"t4t46546546546545";s:6:"secret";s:13:"dcdcdcvdvnhgj";}s:5:"scope";s:35:"email, public_profile, user_friends";s:14:"trustForwarded";b:1;}s:7:"twitter";a:2:{s:7:"enabled";b:1;s:4:"keys";a:2:{s:3:"key";s:17:"e3456576754334242";s:6:"secret";s:19:"vfvfbbgfhghhgfgfdgd";}}s:8:"linkedIn";a:2:{s:7:"enabled";b:1;s:4:"keys";a:2:{s:3:"key";s:14:"54656565trt433";s:6:"secret";s:11:"dcdcdvvfggg";}}}s:9:"path_base";s:87:"C:\wamp64\www\wrd\wp-content\plugins\wc-frontend-manager-ultimate\includes\libs\Hybrid/";s:14:"path_libraries";s:98:"C:\wamp64\www\wrd\wp-content\plugins\wc-frontend-manager-ultimate\includes\libs\Hybrid/thirdparty/";s:14:"path_resources";s:97:"C:\wamp64\www\wrd\wp-content\plugins\wc-frontend-manager-ultimate\includes\libs\Hybrid/resources/";s:14:"path_providers";s:97:"C:\wamp64\www\wrd\wp-content\plugins\wc-frontend-manager-ultimate\includes\libs\Hybrid/Providers/";}
DEBUG -- ::1 -- 2017-12-01T23:23:11+00:00 -- Hybrid_Auth initialize. dump current session:  -- 
INFO -- ::1 -- 2017-12-01T23:23:11+00:00 -- Hybrid_Auth initialize: check if any error is stored on the endpoint...
INFO -- ::1 -- 2017-12-01T23:23:11+00:00 -- Hybrid_Auth initialize: no error found. initialization succeed.
INFO -- ::1 -- 2017-12-01T23:23:41+00:00 -- Enter Hybrid_Auth::initialize()
INFO -- ::1 -- 2017-12-01T23:23:41+00:00 -- Hybrid_Auth::initialize(). PHP version: 7.0.10
INFO -- ::1 -- 2017-12-01T23:23:41+00:00 -- Hybrid_Auth::initialize(). Hybrid_Auth version: 2.3.0
INFO -- ::1 -- 2017-12-01T23:23:41+00:00 -- Hybrid_Auth::initialize(). Hybrid_Auth called from: http://localhost/wrd/wp-admin/admin-ajax.php
DEBUG -- ::1 -- 2017-12-01T23:23:41+00:00 -- Hybrid_Auth initialize. dump used config:  -- a:8:{s:8:"base_url";s:39:"http://localhost/wrd/wcfm/wcfm-profile/";s:10:"debug_mode";b:1;s:10:"debug_file";s:101:"C:\wamp64\www\wrd\wp-content\plugins\wc-frontend-manager-ultimate/includes/libs/Hybrid/hybridauth.log";s:9:"providers";a:4:{s:6:"google";a:3:{s:7:"enabled";b:1;s:4:"keys";a:2:{s:2:"id";s:72:"136130044234-9bgsd1eme3sodoej1uaptj0idhkif6g8.apps.googleusercontent.com";s:6:"secret";s:24:"x7Z1rUgcchoXA5pEF-CJrCQR";}s:5:"scope";s:49:"https://www.googleapis.com/auth/userinfo.profile ";}s:8:"facebook";a:4:{s:7:"enabled";b:1;s:4:"keys";a:2:{s:2:"id";s:17:"t4t46546546546545";s:6:"secret";s:13:"dcdcdcvdvnhgj";}s:5:"scope";s:35:"email, public_profile, user_friends";s:14:"trustForwarded";b:1;}s:7:"twitter";a:2:{s:7:"enabled";b:1;s:4:"keys";a:2:{s:3:"key";s:17:"e3456576754334242";s:6:"secret";s:19:"vfvfbbgfhghhgfgfdgd";}}s:8:"linkedIn";a:2:{s:7:"enabled";b:1;s:4:"keys";a:2:{s:3:"key";s:14:"54656565trt433";s:6:"secret";s:11:"dcdcdvvfggg";}}}s:9:"path_base";s:87:"C:\wamp64\www\wrd\wp-content\plugins\wc-frontend-manager-ultimate\includes\libs\Hybrid/";s:14:"path_libraries";s:98:"C:\wamp64\www\wrd\wp-content\plugins\wc-frontend-manager-ultimate\includes\libs\Hybrid/thirdparty/";s:14:"path_resources";s:97:"C:\wamp64\www\wrd\wp-content\plugins\wc-frontend-manager-ultimate\includes\libs\Hybrid/resources/";s:14:"path_providers";s:97:"C:\wamp64\www\wrd\wp-content\plugins\wc-frontend-manager-ultimate\includes\libs\Hybrid/Providers/";}
DEBUG -- ::1 -- 2017-12-01T23:23:41+00:00 -- Hybrid_Auth initialize. dump current session:  -- 
INFO -- ::1 -- 2017-12-01T23:23:41+00:00 -- Hybrid_Auth initialize: check if any error is stored on the endpoint...
INFO -- ::1 -- 2017-12-01T23:23:41+00:00 -- Hybrid_Auth initialize: no error found. initialization succeed.
INFO -- ::1 -- 2017-12-01T23:24:12+00:00 -- Enter Hybrid_Auth::initialize()
INFO -- ::1 -- 2017-12-01T23:24:12+00:00 -- Hybrid_Auth::initialize(). PHP version: 7.0.10
INFO -- ::1 -- 2017-12-01T23:24:12+00:00 -- Hybrid_Auth::initialize(). Hybrid_Auth version: 2.3.0
INFO -- ::1 -- 2017-12-01T23:24:12+00:00 -- Hybrid_Auth::initialize(). Hybrid_Auth called from: http://localhost/wrd/wp-admin/admin-ajax.php
DEBUG -- ::1 -- 2017-12-01T23:24:12+00:00 -- Hybrid_Auth initialize. dump used config:  -- a:8:{s:8:"base_url";s:39:"http://localhost/wrd/wcfm/wcfm-profile/";s:10:"debug_mode";b:1;s:10:"debug_file";s:101:"C:\wamp64\www\wrd\wp-content\plugins\wc-frontend-manager-ultimate/includes/libs/Hybrid/hybridauth.log";s:9:"providers";a:4:{s:6:"google";a:3:{s:7:"enabled";b:1;s:4:"keys";a:2:{s:2:"id";s:72:"136130044234-9bgsd1eme3sodoej1uaptj0idhkif6g8.apps.googleusercontent.com";s:6:"secret";s:24:"x7Z1rUgcchoXA5pEF-CJrCQR";}s:5:"scope";s:49:"https://www.googleapis.com/auth/userinfo.profile ";}s:8:"facebook";a:4:{s:7:"enabled";b:1;s:4:"keys";a:2:{s:2:"id";s:17:"t4t46546546546545";s:6:"secret";s:13:"dcdcdcvdvnhgj";}s:5:"scope";s:35:"email, public_profile, user_friends";s:14:"trustForwarded";b:1;}s:7:"twitter";a:2:{s:7:"enabled";b:1;s:4:"keys";a:2:{s:3:"key";s:17:"e3456576754334242";s:6:"secret";s:19:"vfvfbbgfhghhgfgfdgd";}}s:8:"linkedIn";a:2:{s:7:"enabled";b:1;s:4:"keys";a:2:{s:3:"key";s:14:"54656565trt433";s:6:"secret";s:11:"dcdcdvvfggg";}}}s:9:"path_base";s:87:"C:\wamp64\www\wrd\wp-content\plugins\wc-frontend-manager-ultimate\includes\libs\Hybrid/";s:14:"path_libraries";s:98:"C:\wamp64\www\wrd\wp-content\plugins\wc-frontend-manager-ultimate\includes\libs\Hybrid/thirdparty/";s:14:"path_resources";s:97:"C:\wamp64\www\wrd\wp-content\plugins\wc-frontend-manager-ultimate\includes\libs\Hybrid/resources/";s:14:"path_providers";s:97:"C:\wamp64\www\wrd\wp-content\plugins\wc-frontend-manager-ultimate\includes\libs\Hybrid/Providers/";}
DEBUG -- ::1 -- 2017-12-01T23:24:12+00:00 -- Hybrid_Auth initialize. dump current session:  -- 
INFO -- ::1 -- 2017-12-01T23:24:12+00:00 -- Hybrid_Auth initialize: check if any error is stored on the endpoint...
INFO -- ::1 -- 2017-12-01T23:24:12+00:00 -- Hybrid_Auth initialize: no error found. initialization succeed.
INFO -- ::1 -- 2017-12-01T23:24:42+00:00 -- Enter Hybrid_Auth::initialize()
INFO -- ::1 -- 2017-12-01T23:24:42+00:00 -- Hybrid_Auth::initialize(). PHP version: 7.0.10
INFO -- ::1 -- 2017-12-01T23:24:42+00:00 -- Hybrid_Auth::initialize(). Hybrid_Auth version: 2.3.0
INFO -- ::1 -- 2017-12-01T23:24:42+00:00 -- Hybrid_Auth::initialize(). Hybrid_Auth called from: http://localhost/wrd/wp-admin/admin-ajax.php
DEBUG -- ::1 -- 2017-12-01T23:24:42+00:00 -- Hybrid_Auth initialize. dump used config:  -- a:8:{s:8:"base_url";s:39:"http://localhost/wrd/wcfm/wcfm-profile/";s:10:"debug_mode";b:1;s:10:"debug_file";s:101:"C:\wamp64\www\wrd\wp-content\plugins\wc-frontend-manager-ultimate/includes/libs/Hybrid/hybridauth.log";s:9:"providers";a:4:{s:6:"google";a:3:{s:7:"enabled";b:1;s:4:"keys";a:2:{s:2:"id";s:72:"136130044234-9bgsd1eme3sodoej1uaptj0idhkif6g8.apps.googleusercontent.com";s:6:"secret";s:24:"x7Z1rUgcchoXA5pEF-CJrCQR";}s:5:"scope";s:49:"https://www.googleapis.com/auth/userinfo.profile ";}s:8:"facebook";a:4:{s:7:"enabled";b:1;s:4:"keys";a:2:{s:2:"id";s:17:"t4t46546546546545";s:6:"secret";s:13:"dcdcdcvdvnhgj";}s:5:"scope";s:35:"email, public_profile, user_friends";s:14:"trustForwarded";b:1;}s:7:"twitter";a:2:{s:7:"enabled";b:1;s:4:"keys";a:2:{s:3:"key";s:17:"e3456576754334242";s:6:"secret";s:19:"vfvfbbgfhghhgfgfdgd";}}s:8:"linkedIn";a:2:{s:7:"enabled";b:1;s:4:"keys";a:2:{s:3:"key";s:14:"54656565trt433";s:6:"secret";s:11:"dcdcdvvfggg";}}}s:9:"path_base";s:87:"C:\wamp64\www\wrd\wp-content\plugins\wc-frontend-manager-ultimate\includes\libs\Hybrid/";s:14:"path_libraries";s:98:"C:\wamp64\www\wrd\wp-content\plugins\wc-frontend-manager-ultimate\includes\libs\Hybrid/thirdparty/";s:14:"path_resources";s:97:"C:\wamp64\www\wrd\wp-content\plugins\wc-frontend-manager-ultimate\includes\libs\Hybrid/resources/";s:14:"path_providers";s:97:"C:\wamp64\www\wrd\wp-content\plugins\wc-frontend-manager-ultimate\includes\libs\Hybrid/Providers/";}
DEBUG -- ::1 -- 2017-12-01T23:24:42+00:00 -- Hybrid_Auth initialize. dump current session:  -- 
INFO -- ::1 -- 2017-12-01T23:24:42+00:00 -- Hybrid_Auth initialize: check if any error is stored on the endpoint...
INFO -- ::1 -- 2017-12-01T23:24:42+00:00 -- Hybrid_Auth initialize: no error found. initialization succeed.
INFO -- ::1 -- 2017-12-01T23:25:13+00:00 -- Enter Hybrid_Auth::initialize()
INFO -- ::1 -- 2017-12-01T23:25:13+00:00 -- Hybrid_Auth::initialize(). PHP version: 7.0.10
INFO -- ::1 -- 2017-12-01T23:25:13+00:00 -- Hybrid_Auth::initialize(). Hybrid_Auth version: 2.3.0
INFO -- ::1 -- 2017-12-01T23:25:13+00:00 -- Hybrid_Auth::initialize(). Hybrid_Auth called from: http://localhost/wrd/wp-admin/admin-ajax.php
DEBUG -- ::1 -- 2017-12-01T23:25:13+00:00 -- Hybrid_Auth initialize. dump used config:  -- a:8:{s:8:"base_url";s:39:"http://localhost/wrd/wcfm/wcfm-profile/";s:10:"debug_mode";b:1;s:10:"debug_file";s:101:"C:\wamp64\www\wrd\wp-content\plugins\wc-frontend-manager-ultimate/includes/libs/Hybrid/hybridauth.log";s:9:"providers";a:4:{s:6:"google";a:3:{s:7:"enabled";b:1;s:4:"keys";a:2:{s:2:"id";s:72:"136130044234-9bgsd1eme3sodoej1uaptj0idhkif6g8.apps.googleusercontent.com";s:6:"secret";s:24:"x7Z1rUgcchoXA5pEF-CJrCQR";}s:5:"scope";s:49:"https://www.googleapis.com/auth/userinfo.profile ";}s:8:"facebook";a:4:{s:7:"enabled";b:1;s:4:"keys";a:2:{s:2:"id";s:17:"t4t46546546546545";s:6:"secret";s:13:"dcdcdcvdvnhgj";}s:5:"scope";s:35:"email, public_profile, user_friends";s:14:"trustForwarded";b:1;}s:7:"twitter";a:2:{s:7:"enabled";b:1;s:4:"keys";a:2:{s:3:"key";s:17:"e3456576754334242";s:6:"secret";s:19:"vfvfbbgfhghhgfgfdgd";}}s:8:"linkedIn";a:2:{s:7:"enabled";b:1;s:4:"keys";a:2:{s:3:"key";s:14:"54656565trt433";s:6:"secret";s:11:"dcdcdvvfggg";}}}s:9:"path_base";s:87:"C:\wamp64\www\wrd\wp-content\plugins\wc-frontend-manager-ultimate\includes\libs\Hybrid/";s:14:"path_libraries";s:98:"C:\wamp64\www\wrd\wp-content\plugins\wc-frontend-manager-ultimate\includes\libs\Hybrid/thirdparty/";s:14:"path_resources";s:97:"C:\wamp64\www\wrd\wp-content\plugins\wc-frontend-manager-ultimate\includes\libs\Hybrid/resources/";s:14:"path_providers";s:97:"C:\wamp64\www\wrd\wp-content\plugins\wc-frontend-manager-ultimate\includes\libs\Hybrid/Providers/";}
DEBUG -- ::1 -- 2017-12-01T23:25:13+00:00 -- Hybrid_Auth initialize. dump current session:  -- 
INFO -- ::1 -- 2017-12-01T23:25:13+00:00 -- Hybrid_Auth initialize: check if any error is stored on the endpoint...
INFO -- ::1 -- 2017-12-01T23:25:13+00:00 -- Hybrid_Auth initialize: no error found. initialization succeed.
INFO -- ::1 -- 2017-12-01T23:25:44+00:00 -- Enter Hybrid_Auth::initialize()
INFO -- ::1 -- 2017-12-01T23:25:44+00:00 -- Hybrid_Auth::initialize(). PHP version: 7.0.10
INFO -- ::1 -- 2017-12-01T23:25:44+00:00 -- Hybrid_Auth::initialize(). Hybrid_Auth version: 2.3.0
INFO -- ::1 -- 2017-12-01T23:25:44+00:00 -- Hybrid_Auth::initialize(). Hybrid_Auth called from: http://localhost/wrd/wp-admin/admin-ajax.php
DEBUG -- ::1 -- 2017-12-01T23:25:44+00:00 -- Hybrid_Auth initialize. dump used config:  -- a:8:{s:8:"base_url";s:39:"http://localhost/wrd/wcfm/wcfm-profile/";s:10:"debug_mode";b:1;s:10:"debug_file";s:101:"C:\wamp64\www\wrd\wp-content\plugins\wc-frontend-manager-ultimate/includes/libs/Hybrid/hybridauth.log";s:9:"providers";a:4:{s:6:"google";a:3:{s:7:"enabled";b:1;s:4:"keys";a:2:{s:2:"id";s:72:"136130044234-9bgsd1eme3sodoej1uaptj0idhkif6g8.apps.googleusercontent.com";s:6:"secret";s:24:"x7Z1rUgcchoXA5pEF-CJrCQR";}s:5:"scope";s:49:"https://www.googleapis.com/auth/userinfo.profile ";}s:8:"facebook";a:4:{s:7:"enabled";b:1;s:4:"keys";a:2:{s:2:"id";s:17:"t4t46546546546545";s:6:"secret";s:13:"dcdcdcvdvnhgj";}s:5:"scope";s:35:"email, public_profile, user_friends";s:14:"trustForwarded";b:1;}s:7:"twitter";a:2:{s:7:"enabled";b:1;s:4:"keys";a:2:{s:3:"key";s:17:"e3456576754334242";s:6:"secret";s:19:"vfvfbbgfhghhgfgfdgd";}}s:8:"linkedIn";a:2:{s:7:"enabled";b:1;s:4:"keys";a:2:{s:3:"key";s:14:"54656565trt433";s:6:"secret";s:11:"dcdcdvvfggg";}}}s:9:"path_base";s:87:"C:\wamp64\www\wrd\wp-content\plugins\wc-frontend-manager-ultimate\includes\libs\Hybrid/";s:14:"path_libraries";s:98:"C:\wamp64\www\wrd\wp-content\plugins\wc-frontend-manager-ultimate\includes\libs\Hybrid/thirdparty/";s:14:"path_resources";s:97:"C:\wamp64\www\wrd\wp-content\plugins\wc-frontend-manager-ultimate\includes\libs\Hybrid/resources/";s:14:"path_providers";s:97:"C:\wamp64\www\wrd\wp-content\plugins\wc-frontend-manager-ultimate\includes\libs\Hybrid/Providers/";}
DEBUG -- ::1 -- 2017-12-01T23:25:44+00:00 -- Hybrid_Auth initialize. dump current session:  -- 
INFO -- ::1 -- 2017-12-01T23:25:44+00:00 -- Hybrid_Auth initialize: check if any error is stored on the endpoint...
INFO -- ::1 -- 2017-12-01T23:25:44+00:00 -- Hybrid_Auth initialize: no error found. initialization succeed.
INFO -- ::1 -- 2017-12-01T23:26:15+00:00 -- Enter Hybrid_Auth::initialize()
INFO -- ::1 -- 2017-12-01T23:26:15+00:00 -- Hybrid_Auth::initialize(). PHP version: 7.0.10
INFO -- ::1 -- 2017-12-01T23:26:15+00:00 -- Hybrid_Auth::initialize(). Hybrid_Auth version: 2.3.0
INFO -- ::1 -- 2017-12-01T23:26:15+00:00 -- Hybrid_Auth::initialize(). Hybrid_Auth called from: http://localhost/wrd/wp-admin/admin-ajax.php
DEBUG -- ::1 -- 2017-12-01T23:26:15+00:00 -- Hybrid_Auth initialize. dump used config:  -- a:8:{s:8:"base_url";s:39:"http://localhost/wrd/wcfm/wcfm-profile/";s:10:"debug_mode";b:1;s:10:"debug_file";s:101:"C:\wamp64\www\wrd\wp-content\plugins\wc-frontend-manager-ultimate/includes/libs/Hybrid/hybridauth.log";s:9:"providers";a:4:{s:6:"google";a:3:{s:7:"enabled";b:1;s:4:"keys";a:2:{s:2:"id";s:72:"136130044234-9bgsd1eme3sodoej1uaptj0idhkif6g8.apps.googleusercontent.com";s:6:"secret";s:24:"x7Z1rUgcchoXA5pEF-CJrCQR";}s:5:"scope";s:49:"https://www.googleapis.com/auth/userinfo.profile ";}s:8:"facebook";a:4:{s:7:"enabled";b:1;s:4:"keys";a:2:{s:2:"id";s:17:"t4t46546546546545";s:6:"secret";s:13:"dcdcdcvdvnhgj";}s:5:"scope";s:35:"email, public_profile, user_friends";s:14:"trustForwarded";b:1;}s:7:"twitter";a:2:{s:7:"enabled";b:1;s:4:"keys";a:2:{s:3:"key";s:17:"e3456576754334242";s:6:"secret";s:19:"vfvfbbgfhghhgfgfdgd";}}s:8:"linkedIn";a:2:{s:7:"enabled";b:1;s:4:"keys";a:2:{s:3:"key";s:14:"54656565trt433";s:6:"secret";s:11:"dcdcdvvfggg";}}}s:9:"path_base";s:87:"C:\wamp64\www\wrd\wp-content\plugins\wc-frontend-manager-ultimate\includes\libs\Hybrid/";s:14:"path_libraries";s:98:"C:\wamp64\www\wrd\wp-content\plugins\wc-frontend-manager-ultimate\includes\libs\Hybrid/thirdparty/";s:14:"path_resources";s:97:"C:\wamp64\www\wrd\wp-content\plugins\wc-frontend-manager-ultimate\includes\libs\Hybrid/resources/";s:14:"path_providers";s:97:"C:\wamp64\www\wrd\wp-content\plugins\wc-frontend-manager-ultimate\includes\libs\Hybrid/Providers/";}
DEBUG -- ::1 -- 2017-12-01T23:26:15+00:00 -- Hybrid_Auth initialize. dump current session:  -- 
INFO -- ::1 -- 2017-12-01T23:26:15+00:00 -- Hybrid_Auth initialize: check if any error is stored on the endpoint...
INFO -- ::1 -- 2017-12-01T23:26:15+00:00 -- Hybrid_Auth initialize: no error found. initialization succeed.
INFO -- ::1 -- 2017-12-01T23:26:46+00:00 -- Enter Hybrid_Auth::initialize()
INFO -- ::1 -- 2017-12-01T23:26:46+00:00 -- Hybrid_Auth::initialize(). PHP version: 7.0.10
INFO -- ::1 -- 2017-12-01T23:26:46+00:00 -- Hybrid_Auth::initialize(). Hybrid_Auth version: 2.3.0
INFO -- ::1 -- 2017-12-01T23:26:46+00:00 -- Hybrid_Auth::initialize(). Hybrid_Auth called from: http://localhost/wrd/wp-admin/admin-ajax.php
DEBUG -- ::1 -- 2017-12-01T23:26:46+00:00 -- Hybrid_Auth initialize. dump used config:  -- a:8:{s:8:"base_url";s:39:"http://localhost/wrd/wcfm/wcfm-profile/";s:10:"debug_mode";b:1;s:10:"debug_file";s:101:"C:\wamp64\www\wrd\wp-content\plugins\wc-frontend-manager-ultimate/includes/libs/Hybrid/hybridauth.log";s:9:"providers";a:4:{s:6:"google";a:3:{s:7:"enabled";b:1;s:4:"keys";a:2:{s:2:"id";s:72:"136130044234-9bgsd1eme3sodoej1uaptj0idhkif6g8.apps.googleusercontent.com";s:6:"secret";s:24:"x7Z1rUgcchoXA5pEF-CJrCQR";}s:5:"scope";s:49:"https://www.googleapis.com/auth/userinfo.profile ";}s:8:"facebook";a:4:{s:7:"enabled";b:1;s:4:"keys";a:2:{s:2:"id";s:17:"t4t46546546546545";s:6:"secret";s:13:"dcdcdcvdvnhgj";}s:5:"scope";s:35:"email, public_profile, user_friends";s:14:"trustForwarded";b:1;}s:7:"twitter";a:2:{s:7:"enabled";b:1;s:4:"keys";a:2:{s:3:"key";s:17:"e3456576754334242";s:6:"secret";s:19:"vfvfbbgfhghhgfgfdgd";}}s:8:"linkedIn";a:2:{s:7:"enabled";b:1;s:4:"keys";a:2:{s:3:"key";s:14:"54656565trt433";s:6:"secret";s:11:"dcdcdvvfggg";}}}s:9:"path_base";s:87:"C:\wamp64\www\wrd\wp-content\plugins\wc-frontend-manager-ultimate\includes\libs\Hybrid/";s:14:"path_libraries";s:98:"C:\wamp64\www\wrd\wp-content\plugins\wc-frontend-manager-ultimate\includes\libs\Hybrid/thirdparty/";s:14:"path_resources";s:97:"C:\wamp64\www\wrd\wp-content\plugins\wc-frontend-manager-ultimate\includes\libs\Hybrid/resources/";s:14:"path_providers";s:97:"C:\wamp64\www\wrd\wp-content\plugins\wc-frontend-manager-ultimate\includes\libs\Hybrid/Providers/";}
DEBUG -- ::1 -- 2017-12-01T23:26:46+00:00 -- Hybrid_Auth initialize. dump current session:  -- 
INFO -- ::1 -- 2017-12-01T23:26:46+00:00 -- Hybrid_Auth initialize: check if any error is stored on the endpoint...
INFO -- ::1 -- 2017-12-01T23:26:46+00:00 -- Hybrid_Auth initialize: no error found. initialization succeed.
