2021-06-11T14:49:33+00:00 CRITICAL Uncaught Error: Call to a member function get_id() on null in C:\laragon\www\kariah\wp-content\plugins\wcfm-custom-menus\global\product.php:28
Stack trace:
#0 C:\laragon\www\kariah\wp-includes\class-wp-hook.php(287): productluqjs('')
#1 C:\laragon\www\kariah\wp-includes\class-wp-hook.php(311): WP_Hook->apply_filters(NULL, Array)
#2 C:\laragon\www\kariah\wp-includes\plugin.php(478): WP_Hook->do_action(Array)
#3 C:\laragon\www\kariah\wp-includes\general-template.php(3025): do_action('wp_footer')
#4 C:\laragon\www\kariah\wp-content\themes\flatsome\footer.php(21): wp_footer()
#5 C:\laragon\www\kariah\wp-includes\template.php(730): require_once('C:\\laragon\\www\\...')
#6 C:\laragon\www\kariah\wp-includes\template.php(676): load_template('C:\\laragon\\www\\...', true, Array)
#7 C:\laragon\www\kariah\wp-includes\general-template.php(92): locate_template(Array, true, true, Array)
#8 C:\laragon\www\kariah\wp-content\plugins\wc-multivendor-marketplace\views\store\wcfmmp-view-store.php(146): get_footer('shop')
#9 C:\la in C:\laragon\www\kariah\wp-content\plugins\wcfm-custom-menus\global\product.php on line 28

2021-06-11T14:49:36+00:00 CRITICAL Uncaught Error: Call to a member function get_id() on null in C:\laragon\www\kariah\wp-content\plugins\wcfm-custom-menus\global\product.php:28
Stack trace:
#0 C:\laragon\www\kariah\wp-includes\class-wp-hook.php(287): productluqjs('')
#1 C:\laragon\www\kariah\wp-includes\class-wp-hook.php(311): WP_Hook->apply_filters(NULL, Array)
#2 C:\laragon\www\kariah\wp-includes\plugin.php(478): WP_Hook->do_action(Array)
#3 C:\laragon\www\kariah\wp-includes\general-template.php(3025): do_action('wp_footer')
#4 C:\laragon\www\kariah\wp-content\themes\flatsome\footer.php(21): wp_footer()
#5 C:\laragon\www\kariah\wp-includes\template.php(730): require_once('C:\\laragon\\www\\...')
#6 C:\laragon\www\kariah\wp-includes\template.php(676): load_template('C:\\laragon\\www\\...', true, Array)
#7 C:\laragon\www\kariah\wp-includes\general-template.php(92): locate_template(Array, true, true, Array)
#8 C:\laragon\www\kariah\wp-content\plugins\wc-multivendor-marketplace\views\store\wcfmmp-view-store.php(146): get_footer('shop')
#9 C:\la in C:\laragon\www\kariah\wp-content\plugins\wcfm-custom-menus\global\product.php on line 28

2021-06-11T14:49:40+00:00 CRITICAL Uncaught Error: Call to a member function get_id() on null in C:\laragon\www\kariah\wp-content\plugins\wcfm-custom-menus\global\product.php:28
Stack trace:
#0 C:\laragon\www\kariah\wp-includes\class-wp-hook.php(287): productluqjs('')
#1 C:\laragon\www\kariah\wp-includes\class-wp-hook.php(311): WP_Hook->apply_filters(NULL, Array)
#2 C:\laragon\www\kariah\wp-includes\plugin.php(478): WP_Hook->do_action(Array)
#3 C:\laragon\www\kariah\wp-includes\general-template.php(3025): do_action('wp_footer')
#4 C:\laragon\www\kariah\wp-content\themes\flatsome\footer.php(21): wp_footer()
#5 C:\laragon\www\kariah\wp-includes\template.php(730): require_once('C:\\laragon\\www\\...')
#6 C:\laragon\www\kariah\wp-includes\template.php(676): load_template('C:\\laragon\\www\\...', true, Array)
#7 C:\laragon\www\kariah\wp-includes\general-template.php(92): locate_template(Array, true, true, Array)
#8 C:\laragon\www\kariah\wp-content\plugins\wc-multivendor-marketplace\views\store\wcfmmp-view-store.php(146): get_footer('shop')
#9 C:\la in C:\laragon\www\kariah\wp-content\plugins\wcfm-custom-menus\global\product.php on line 28

2021-06-11T14:49:43+00:00 CRITICAL Uncaught Error: Call to a member function get_id() on null in C:\laragon\www\kariah\wp-content\plugins\wcfm-custom-menus\global\product.php:28
Stack trace:
#0 C:\laragon\www\kariah\wp-includes\class-wp-hook.php(287): productluqjs('')
#1 C:\laragon\www\kariah\wp-includes\class-wp-hook.php(311): WP_Hook->apply_filters(NULL, Array)
#2 C:\laragon\www\kariah\wp-includes\plugin.php(478): WP_Hook->do_action(Array)
#3 C:\laragon\www\kariah\wp-includes\general-template.php(3025): do_action('wp_footer')
#4 C:\laragon\www\kariah\wp-content\themes\flatsome\footer.php(21): wp_footer()
#5 C:\laragon\www\kariah\wp-includes\template.php(730): require_once('C:\\laragon\\www\\...')
#6 C:\laragon\www\kariah\wp-includes\template.php(676): load_template('C:\\laragon\\www\\...', true, Array)
#7 C:\laragon\www\kariah\wp-includes\general-template.php(92): locate_template(Array, true, true, Array)
#8 C:\laragon\www\kariah\wp-content\plugins\wc-multivendor-marketplace\views\store\wcfmmp-view-store.php(146): get_footer('shop')
#9 C:\la in C:\laragon\www\kariah\wp-content\plugins\wcfm-custom-menus\global\product.php on line 28

2021-06-11T15:12:45+00:00 CRITICAL Uncaught Error: Call to a member function get_id() on null in C:\laragon\www\kariah\wp-content\plugins\wcfm-custom-menus\global\product.php:28
Stack trace:
#0 C:\laragon\www\kariah\wp-includes\class-wp-hook.php(287): productluqjs('')
#1 C:\laragon\www\kariah\wp-includes\class-wp-hook.php(311): WP_Hook->apply_filters(NULL, Array)
#2 C:\laragon\www\kariah\wp-includes\plugin.php(478): WP_Hook->do_action(Array)
#3 C:\laragon\www\kariah\wp-includes\general-template.php(3025): do_action('wp_footer')
#4 C:\laragon\www\kariah\wp-content\themes\flatsome\footer.php(21): wp_footer()
#5 C:\laragon\www\kariah\wp-includes\template.php(730): require_once('C:\\laragon\\www\\...')
#6 C:\laragon\www\kariah\wp-includes\template.php(676): load_template('C:\\laragon\\www\\...', true, Array)
#7 C:\laragon\www\kariah\wp-includes\general-template.php(92): locate_template(Array, true, true, Array)
#8 C:\laragon\www\kariah\wp-content\plugins\wc-multivendor-marketplace\views\store\wcfmmp-view-store.php(146): get_footer('shop')
#9 C:\la in C:\laragon\www\kariah\wp-content\plugins\wcfm-custom-menus\global\product.php on line 28

2021-06-11T15:25:16+00:00 CRITICAL Uncaught Error: Call to a member function get_id() on null in C:\laragon\www\kariah\wp-content\plugins\wcfm-custom-menus\global\product.php:28
Stack trace:
#0 C:\laragon\www\kariah\wp-includes\class-wp-hook.php(287): productluqjs('')
#1 C:\laragon\www\kariah\wp-includes\class-wp-hook.php(311): WP_Hook->apply_filters(NULL, Array)
#2 C:\laragon\www\kariah\wp-includes\plugin.php(478): WP_Hook->do_action(Array)
#3 C:\laragon\www\kariah\wp-includes\general-template.php(3025): do_action('wp_footer')
#4 C:\laragon\www\kariah\wp-content\themes\flatsome\footer.php(21): wp_footer()
#5 C:\laragon\www\kariah\wp-includes\template.php(730): require_once('C:\\laragon\\www\\...')
#6 C:\laragon\www\kariah\wp-includes\template.php(676): load_template('C:\\laragon\\www\\...', true, Array)
#7 C:\laragon\www\kariah\wp-includes\general-template.php(92): locate_template(Array, true, true, Array)
#8 C:\laragon\www\kariah\wp-content\plugins\wc-multivendor-marketplace\views\store\wcfmmp-view-store.php(146): get_footer('shop')
#9 C:\la in C:\laragon\www\kariah\wp-content\plugins\wcfm-custom-menus\global\product.php on line 28

2021-06-11T16:12:07+00:00 CRITICAL Uncaught Error: Call to a member function get_id() on null in C:\laragon\www\kariah\wp-content\plugins\wcfm-custom-menus\global\product.php:28
Stack trace:
#0 C:\laragon\www\kariah\wp-includes\class-wp-hook.php(287): productluqjs('')
#1 C:\laragon\www\kariah\wp-includes\class-wp-hook.php(311): WP_Hook->apply_filters(NULL, Array)
#2 C:\laragon\www\kariah\wp-includes\plugin.php(478): WP_Hook->do_action(Array)
#3 C:\laragon\www\kariah\wp-includes\general-template.php(3025): do_action('wp_footer')
#4 C:\laragon\www\kariah\wp-content\themes\flatsome\footer.php(21): wp_footer()
#5 C:\laragon\www\kariah\wp-includes\template.php(730): require_once('C:\\laragon\\www\\...')
#6 C:\laragon\www\kariah\wp-includes\template.php(676): load_template('C:\\laragon\\www\\...', true, Array)
#7 C:\laragon\www\kariah\wp-includes\general-template.php(92): locate_template(Array, true, true, Array)
#8 C:\laragon\www\kariah\wp-content\plugins\wc-multivendor-marketplace\views\store\wcfmmp-view-store.php(146): get_footer('shop')
#9 C:\la in C:\laragon\www\kariah\wp-content\plugins\wcfm-custom-menus\global\product.php on line 28

2021-06-11T16:17:18+00:00 CRITICAL Uncaught Error: Call to a member function get_id() on null in C:\laragon\www\kariah\wp-content\plugins\wcfm-custom-menus\global\product.php:28
Stack trace:
#0 C:\laragon\www\kariah\wp-includes\class-wp-hook.php(287): productluqjs('')
#1 C:\laragon\www\kariah\wp-includes\class-wp-hook.php(311): WP_Hook->apply_filters(NULL, Array)
#2 C:\laragon\www\kariah\wp-includes\plugin.php(478): WP_Hook->do_action(Array)
#3 C:\laragon\www\kariah\wp-includes\general-template.php(3025): do_action('wp_footer')
#4 C:\laragon\www\kariah\wp-content\themes\flatsome\footer.php(21): wp_footer()
#5 C:\laragon\www\kariah\wp-includes\template.php(730): require_once('C:\\laragon\\www\\...')
#6 C:\laragon\www\kariah\wp-includes\template.php(676): load_template('C:\\laragon\\www\\...', true, Array)
#7 C:\laragon\www\kariah\wp-includes\general-template.php(92): locate_template(Array, true, true, Array)
#8 C:\laragon\www\kariah\wp-content\plugins\wc-multivendor-marketplace\views\store\wcfmmp-view-store.php(146): get_footer('shop')
#9 C:\la in C:\laragon\www\kariah\wp-content\plugins\wcfm-custom-menus\global\product.php on line 28

2021-06-11T16:17:24+00:00 CRITICAL Uncaught Error: Call to a member function get_id() on null in C:\laragon\www\kariah\wp-content\plugins\wcfm-custom-menus\global\product.php:28
Stack trace:
#0 C:\laragon\www\kariah\wp-includes\class-wp-hook.php(287): productluqjs('')
#1 C:\laragon\www\kariah\wp-includes\class-wp-hook.php(311): WP_Hook->apply_filters(NULL, Array)
#2 C:\laragon\www\kariah\wp-includes\plugin.php(478): WP_Hook->do_action(Array)
#3 C:\laragon\www\kariah\wp-includes\general-template.php(3025): do_action('wp_footer')
#4 C:\laragon\www\kariah\wp-content\themes\flatsome\footer.php(21): wp_footer()
#5 C:\laragon\www\kariah\wp-includes\template.php(730): require_once('C:\\laragon\\www\\...')
#6 C:\laragon\www\kariah\wp-includes\template.php(676): load_template('C:\\laragon\\www\\...', true, Array)
#7 C:\laragon\www\kariah\wp-includes\general-template.php(92): locate_template(Array, true, true, Array)
#8 C:\laragon\www\kariah\wp-content\plugins\wc-multivendor-marketplace\views\store\wcfmmp-view-store.php(146): get_footer('shop')
#9 C:\la in C:\laragon\www\kariah\wp-content\plugins\wcfm-custom-menus\global\product.php on line 28

2021-06-11T16:17:30+00:00 CRITICAL Uncaught Error: Call to a member function get_id() on null in C:\laragon\www\kariah\wp-content\plugins\wcfm-custom-menus\global\product.php:28
Stack trace:
#0 C:\laragon\www\kariah\wp-includes\class-wp-hook.php(287): productluqjs('')
#1 C:\laragon\www\kariah\wp-includes\class-wp-hook.php(311): WP_Hook->apply_filters(NULL, Array)
#2 C:\laragon\www\kariah\wp-includes\plugin.php(478): WP_Hook->do_action(Array)
#3 C:\laragon\www\kariah\wp-includes\general-template.php(3025): do_action('wp_footer')
#4 C:\laragon\www\kariah\wp-content\themes\flatsome\footer.php(21): wp_footer()
#5 C:\laragon\www\kariah\wp-includes\template.php(730): require_once('C:\\laragon\\www\\...')
#6 C:\laragon\www\kariah\wp-includes\template.php(676): load_template('C:\\laragon\\www\\...', true, Array)
#7 C:\laragon\www\kariah\wp-includes\general-template.php(92): locate_template(Array, true, true, Array)
#8 C:\laragon\www\kariah\wp-content\plugins\wc-multivendor-marketplace\views\store\wcfmmp-view-store.php(146): get_footer('shop')
#9 C:\la in C:\laragon\www\kariah\wp-content\plugins\wcfm-custom-menus\global\product.php on line 28

2021-06-11T16:19:24+00:00 CRITICAL Uncaught Error: Call to a member function get_id() on null in C:\laragon\www\kariah\wp-content\plugins\wcfm-custom-menus\global\product.php:28
Stack trace:
#0 C:\laragon\www\kariah\wp-includes\class-wp-hook.php(287): productluqjs('')
#1 C:\laragon\www\kariah\wp-includes\class-wp-hook.php(311): WP_Hook->apply_filters(NULL, Array)
#2 C:\laragon\www\kariah\wp-includes\plugin.php(478): WP_Hook->do_action(Array)
#3 C:\laragon\www\kariah\wp-includes\general-template.php(3025): do_action('wp_footer')
#4 C:\laragon\www\kariah\wp-content\themes\flatsome\footer.php(21): wp_footer()
#5 C:\laragon\www\kariah\wp-includes\template.php(730): require_once('C:\\laragon\\www\\...')
#6 C:\laragon\www\kariah\wp-includes\template.php(676): load_template('C:\\laragon\\www\\...', true, Array)
#7 C:\laragon\www\kariah\wp-includes\general-template.php(92): locate_template(Array, true, true, Array)
#8 C:\laragon\www\kariah\wp-content\plugins\wc-multivendor-marketplace\views\store\wcfmmp-view-store.php(146): get_footer('shop')
#9 C:\la in C:\laragon\www\kariah\wp-content\plugins\wcfm-custom-menus\global\product.php on line 28

2021-06-11T16:23:48+00:00 CRITICAL Uncaught Error: Call to a member function get_id() on null in C:\laragon\www\kariah\wp-content\plugins\wcfm-custom-menus\global\product.php:28
Stack trace:
#0 C:\laragon\www\kariah\wp-includes\class-wp-hook.php(287): productluqjs('')
#1 C:\laragon\www\kariah\wp-includes\class-wp-hook.php(311): WP_Hook->apply_filters(NULL, Array)
#2 C:\laragon\www\kariah\wp-includes\plugin.php(478): WP_Hook->do_action(Array)
#3 C:\laragon\www\kariah\wp-includes\general-template.php(3025): do_action('wp_footer')
#4 C:\laragon\www\kariah\wp-content\themes\flatsome\footer.php(21): wp_footer()
#5 C:\laragon\www\kariah\wp-includes\template.php(730): require_once('C:\\laragon\\www\\...')
#6 C:\laragon\www\kariah\wp-includes\template.php(676): load_template('C:\\laragon\\www\\...', true, Array)
#7 C:\laragon\www\kariah\wp-includes\general-template.php(92): locate_template(Array, true, true, Array)
#8 C:\laragon\www\kariah\wp-content\plugins\wc-multivendor-marketplace\views\store\wcfmmp-view-store.php(146): get_footer('shop')
#9 C:\la in C:\laragon\www\kariah\wp-content\plugins\wcfm-custom-menus\global\product.php on line 28

2021-06-11T16:24:02+00:00 CRITICAL Uncaught Error: Call to a member function get_id() on null in C:\laragon\www\kariah\wp-content\plugins\wcfm-custom-menus\global\product.php:28
Stack trace:
#0 C:\laragon\www\kariah\wp-includes\class-wp-hook.php(287): productluqjs('')
#1 C:\laragon\www\kariah\wp-includes\class-wp-hook.php(311): WP_Hook->apply_filters(NULL, Array)
#2 C:\laragon\www\kariah\wp-includes\plugin.php(478): WP_Hook->do_action(Array)
#3 C:\laragon\www\kariah\wp-includes\general-template.php(3025): do_action('wp_footer')
#4 C:\laragon\www\kariah\wp-content\themes\flatsome\footer.php(21): wp_footer()
#5 C:\laragon\www\kariah\wp-includes\template.php(730): require_once('C:\\laragon\\www\\...')
#6 C:\laragon\www\kariah\wp-includes\template.php(676): load_template('C:\\laragon\\www\\...', true, Array)
#7 C:\laragon\www\kariah\wp-includes\general-template.php(92): locate_template(Array, true, true, Array)
#8 C:\laragon\www\kariah\wp-content\plugins\wc-multivendor-marketplace\views\store\wcfmmp-view-store.php(146): get_footer('shop')
#9 C:\la in C:\laragon\www\kariah\wp-content\plugins\wcfm-custom-menus\global\product.php on line 28

2021-06-11T16:24:07+00:00 CRITICAL Uncaught Error: Call to a member function get_id() on null in C:\laragon\www\kariah\wp-content\plugins\wcfm-custom-menus\global\product.php:28
Stack trace:
#0 C:\laragon\www\kariah\wp-includes\class-wp-hook.php(287): productluqjs('')
#1 C:\laragon\www\kariah\wp-includes\class-wp-hook.php(311): WP_Hook->apply_filters(NULL, Array)
#2 C:\laragon\www\kariah\wp-includes\plugin.php(478): WP_Hook->do_action(Array)
#3 C:\laragon\www\kariah\wp-includes\general-template.php(3025): do_action('wp_footer')
#4 C:\laragon\www\kariah\wp-content\themes\flatsome\footer.php(21): wp_footer()
#5 C:\laragon\www\kariah\wp-includes\template.php(730): require_once('C:\\laragon\\www\\...')
#6 C:\laragon\www\kariah\wp-includes\template.php(676): load_template('C:\\laragon\\www\\...', true, Array)
#7 C:\laragon\www\kariah\wp-includes\general-template.php(92): locate_template(Array, true, true, Array)
#8 C:\laragon\www\kariah\wp-content\plugins\wc-multivendor-marketplace\views\store\wcfmmp-view-store.php(146): get_footer('shop')
#9 C:\la in C:\laragon\www\kariah\wp-content\plugins\wcfm-custom-menus\global\product.php on line 28

2021-06-11T16:26:26+00:00 CRITICAL Uncaught Error: Call to a member function get_id() on null in C:\laragon\www\kariah\wp-content\plugins\wcfm-custom-menus\global\product.php:28
Stack trace:
#0 C:\laragon\www\kariah\wp-includes\class-wp-hook.php(287): productluqjs('')
#1 C:\laragon\www\kariah\wp-includes\class-wp-hook.php(311): WP_Hook->apply_filters(NULL, Array)
#2 C:\laragon\www\kariah\wp-includes\plugin.php(478): WP_Hook->do_action(Array)
#3 C:\laragon\www\kariah\wp-includes\general-template.php(3025): do_action('wp_footer')
#4 C:\laragon\www\kariah\wp-content\themes\flatsome\footer.php(21): wp_footer()
#5 C:\laragon\www\kariah\wp-includes\template.php(730): require_once('C:\\laragon\\www\\...')
#6 C:\laragon\www\kariah\wp-includes\template.php(676): load_template('C:\\laragon\\www\\...', true, Array)
#7 C:\laragon\www\kariah\wp-includes\general-template.php(92): locate_template(Array, true, true, Array)
#8 C:\laragon\www\kariah\wp-content\plugins\wc-multivendor-marketplace\views\store\wcfmmp-view-store.php(146): get_footer('shop')
#9 C:\la in C:\laragon\www\kariah\wp-content\plugins\wcfm-custom-menus\global\product.php on line 28

2021-06-11T16:26:43+00:00 CRITICAL Uncaught Error: Call to a member function get_id() on null in C:\laragon\www\kariah\wp-content\plugins\wcfm-custom-menus\global\product.php:28
Stack trace:
#0 C:\laragon\www\kariah\wp-includes\class-wp-hook.php(287): productluqjs('')
#1 C:\laragon\www\kariah\wp-includes\class-wp-hook.php(311): WP_Hook->apply_filters(NULL, Array)
#2 C:\laragon\www\kariah\wp-includes\plugin.php(478): WP_Hook->do_action(Array)
#3 C:\laragon\www\kariah\wp-includes\general-template.php(3025): do_action('wp_footer')
#4 C:\laragon\www\kariah\wp-content\themes\flatsome\footer.php(21): wp_footer()
#5 C:\laragon\www\kariah\wp-includes\template.php(730): require_once('C:\\laragon\\www\\...')
#6 C:\laragon\www\kariah\wp-includes\template.php(676): load_template('C:\\laragon\\www\\...', true, Array)
#7 C:\laragon\www\kariah\wp-includes\general-template.php(92): locate_template(Array, true, true, Array)
#8 C:\laragon\www\kariah\wp-content\plugins\wc-multivendor-marketplace\views\store\wcfmmp-view-store.php(146): get_footer('shop')
#9 C:\la in C:\laragon\www\kariah\wp-content\plugins\wcfm-custom-menus\global\product.php on line 28

2021-06-11T16:35:25+00:00 CRITICAL Uncaught Error: Call to a member function get_id() on null in C:\laragon\www\kariah\wp-content\plugins\wcfm-custom-menus\global\product.php:28
Stack trace:
#0 C:\laragon\www\kariah\wp-includes\class-wp-hook.php(287): productluqjs('')
#1 C:\laragon\www\kariah\wp-includes\class-wp-hook.php(311): WP_Hook->apply_filters(NULL, Array)
#2 C:\laragon\www\kariah\wp-includes\plugin.php(478): WP_Hook->do_action(Array)
#3 C:\laragon\www\kariah\wp-includes\general-template.php(3025): do_action('wp_footer')
#4 C:\laragon\www\kariah\wp-content\themes\flatsome\footer.php(21): wp_footer()
#5 C:\laragon\www\kariah\wp-includes\template.php(730): require_once('C:\\laragon\\www\\...')
#6 C:\laragon\www\kariah\wp-includes\template.php(676): load_template('C:\\laragon\\www\\...', true, Array)
#7 C:\laragon\www\kariah\wp-includes\general-template.php(92): locate_template(Array, true, true, Array)
#8 C:\laragon\www\kariah\wp-content\plugins\wc-multivendor-marketplace\views\store\wcfmmp-view-store.php(146): get_footer('shop')
#9 C:\la in C:\laragon\www\kariah\wp-content\plugins\wcfm-custom-menus\global\product.php on line 28

2021-06-11T16:36:18+00:00 CRITICAL Uncaught Error: Call to a member function get_id() on null in C:\laragon\www\kariah\wp-content\plugins\wcfm-custom-menus\global\product.php:28
Stack trace:
#0 C:\laragon\www\kariah\wp-includes\class-wp-hook.php(287): productluqjs('')
#1 C:\laragon\www\kariah\wp-includes\class-wp-hook.php(311): WP_Hook->apply_filters(NULL, Array)
#2 C:\laragon\www\kariah\wp-includes\plugin.php(478): WP_Hook->do_action(Array)
#3 C:\laragon\www\kariah\wp-includes\general-template.php(3025): do_action('wp_footer')
#4 C:\laragon\www\kariah\wp-content\themes\flatsome\footer.php(21): wp_footer()
#5 C:\laragon\www\kariah\wp-includes\template.php(730): require_once('C:\\laragon\\www\\...')
#6 C:\laragon\www\kariah\wp-includes\template.php(676): load_template('C:\\laragon\\www\\...', true, Array)
#7 C:\laragon\www\kariah\wp-includes\general-template.php(92): locate_template(Array, true, true, Array)
#8 C:\laragon\www\kariah\wp-content\plugins\wc-multivendor-marketplace\views\store\wcfmmp-view-store.php(146): get_footer('shop')
#9 C:\la in C:\laragon\www\kariah\wp-content\plugins\wcfm-custom-menus\global\product.php on line 28

2021-06-11T16:37:15+00:00 CRITICAL Uncaught Error: Call to a member function get_id() on null in C:\laragon\www\kariah\wp-content\plugins\wcfm-custom-menus\global\product.php:28
Stack trace:
#0 C:\laragon\www\kariah\wp-includes\class-wp-hook.php(287): productluqjs('')
#1 C:\laragon\www\kariah\wp-includes\class-wp-hook.php(311): WP_Hook->apply_filters(NULL, Array)
#2 C:\laragon\www\kariah\wp-includes\plugin.php(478): WP_Hook->do_action(Array)
#3 C:\laragon\www\kariah\wp-includes\general-template.php(3025): do_action('wp_footer')
#4 C:\laragon\www\kariah\wp-content\themes\flatsome\footer.php(21): wp_footer()
#5 C:\laragon\www\kariah\wp-includes\template.php(730): require_once('C:\\laragon\\www\\...')
#6 C:\laragon\www\kariah\wp-includes\template.php(676): load_template('C:\\laragon\\www\\...', true, Array)
#7 C:\laragon\www\kariah\wp-includes\general-template.php(92): locate_template(Array, true, true, Array)
#8 C:\laragon\www\kariah\wp-content\plugins\wc-multivendor-marketplace\views\store\wcfmmp-view-store.php(146): get_footer('shop')
#9 C:\la in C:\laragon\www\kariah\wp-content\plugins\wcfm-custom-menus\global\product.php on line 28

2021-06-11T17:23:31+00:00 CRITICAL syntax error, unexpected 'deb' (T_STRING), expecting case (T_CASE) or default (T_DEFAULT) or '}' in C:\laragon\www\kariah\wp-content\plugins\wc-multivendor-marketplace\views\store\wcfmmp-view-store.php on line 85

