05-24-2021 @ 08:23:07 - 3.1.0 - No subscription webhooks found using API version 3. No updates needed.
05-24-2021 @ 08:23:07 - 3.1.2 upgrade complete from Subscriptions v0 while WooCommerce WC_VERSION 5.3.0 and database version 5.3.0 was active.
05-24-2021 @ 08:23:07 - Environment info:
05-24-2021 @ 08:23:07 -     WordPress Version : 5.5.5
05-24-2021 @ 08:23:07 - Active Plugins:
05-24-2021 @ 08:23:07 -     Contact Form 7 by Takayuki Miyoshi – 5.4.1
05-24-2021 @ 08:23:07 -     Elementor by Elementor.com – 3.2.3
05-24-2021 @ 08:23:07 -     GTranslate by Translate AI Multilingual Solutions – 2.8.63
05-24-2021 @ 08:23:07 -     JetEngine by Crocoblock – 2.8.0
05-24-2021 @ 08:23:07 -     Nextend Social Login by Nextendweb – 3.0.27
05-24-2021 @ 08:23:07 -     toyyibPay for WooCommerce by toyyibPay – 1.3.0
05-24-2021 @ 08:23:07 -     WCFM - WooCommerce Frontend Manager - Ultimate by WC Lovers – 6.5.6
05-24-2021 @ 08:23:07 -     WCFM - WooCommerce Frontend Manager by WC Lovers – 6.5.8
05-24-2021 @ 08:23:07 -     WCFM - WooCommerce Multivendor Marketplace by WC Lovers – 3.4.8
05-24-2021 @ 08:23:07 -     WCFM - WooCommerce Multivendor Membership by WC Lovers – 2.9.7
05-24-2021 @ 08:23:07 -     WCFM - Custom Menus by WC Lovers – 1.0.0
05-24-2021 @ 08:23:07 -     WooCommerce Order Approval by Lagudi Domenico – 4.7
05-24-2021 @ 08:23:07 -     WooCommerce Product Add-ons by WooCommerce – 4.0.0
05-24-2021 @ 08:23:07 -     WooCommerce Subscriptions by WooCommerce – 3.1.2
05-24-2021 @ 08:23:07 -     WooCommerce by Automattic – 5.3.0
